<?xml version="1.0" encoding="UTF-8"?>
<testsuite name="JUnit Jupiter" tests="16" skipped="0" failures="0" errors="0" time="33.625" hostname="Kamran" timestamp="2018-05-16T15:53:31">
<properties>
<property name="awt.toolkit" value="sun.awt.windows.WToolkit"/>
<property name="file.encoding" value="windows-1252"/>
<property name="file.encoding.pkg" value="sun.io"/>
<property name="file.separator" value="\"/>
<property name="java.awt.graphicsenv" value="sun.awt.Win32GraphicsEnvironment"/>
<property name="java.awt.printerjob" value="sun.awt.windows.WPrinterJob"/>
<property name="java.class.path" value="C:\Users\amna\eclipse-workspace\FYP_Software_Testing\build\classes\test;C:\Users\amna\eclipse-workspace\FYP_Software_Testing\build\resources\test;C:\Users\amna\eclipse-workspace\FYP_Software_Testing\build\classes\main;C:\Users\amna\eclipse-workspace\FYP_Software_Testing\build\resources\main;C:\Users\amna\.gradle\caches\modules-2\files-2.1\org.apache.commons\commons-math3\3.6.1\e4ba98f1d4b3c80ec46392f25e094a6a2e58fcbf\commons-math3-3.6.1.jar;C:\Users\amna\.gradle\caches\modules-2\files-2.1\org.apache.jena\jena-core\3.5.0\5aed5774da1e5a876781a0d2af19d4a721600f6d\jena-core-3.5.0.jar;C:\Users\amna\.gradle\caches\modules-2\files-2.1\org.apache.jena\apache-jena-libs\3.5.0\9e5ee6fb6436d2a029ded8f1d65bf93dde4d94c6\apache-jena-libs-3.5.0.pom;C:\Users\amna\.gradle\caches\modules-2\files-2.1\org.apache.jena\jena-rdfconnection\3.5.0\6441ce3e5fbfc8c287d426ebe9d37d989d7e0810\jena-rdfconnection-3.5.0.jar;C:\Users\amna\.gradle\caches\modules-2\files-2.1\com.google.guava\guava\21.0\3a3d111be1be1b745edfa7d91678a12d7ed38709\guava-21.0.jar;C:\Users\amna\.gradle\caches\modules-2\files-2.1\javax.servlet\javax.servlet-api\3.1.0\3cd63d075497751784b2fa84be59432f4905bf7c\javax.servlet-api-3.1.0.jar;C:\Users\amna\.gradle\caches\modules-2\files-2.1\junit\junit\4.12\2973d150c0dc1fefe998f834810d68f278ea58ec\junit-4.12.jar;C:\Users\amna\.gradle\caches\modules-2\files-2.1\org.mockito\mockito-core\1.10.19\e8546f5bef4e061d8dd73895b4e8f40e3fe6effe\mockito-core-1.10.19.jar;C:\Users\amna\.gradle\caches\modules-2\files-2.1\org.testng\testng\6.8.8\c4fb20cf89d278d71667d7273fa6e6cff8b97ca9\testng-6.8.8.jar;C:\Users\amna\.gradle\caches\modules-2\files-2.1\org.junit.jupiter\junit-jupiter-api\5.1.0\370218fbc7ce9cf0600c4b5db400bccdf0c01a48\junit-jupiter-api-5.1.0.jar;C:\Users\amna\.gradle\caches\modules-2\files-2.1\org.junit.jupiter\junit-jupiter-engine\5.1.0\c54b96b465bb5b49c7708d734a4180dd95422754\junit-jupiter-engine-5.1.0.jar;C:\Users\amna\.gradle\caches\modules-2\files-2.1\org.junit.vintage\junit-vintage-engine\5.1.0\a752dd045d08753ac77622dc83b584dc5abda1e1\junit-vintage-engine-5.1.0.jar;C:\Users\amna\.gradle\caches\modules-2\files-2.1\org.junit.platform\junit-platform-launcher\1.1.0\ba098edde4e59cacd9225e238ea3ad9c946684ab\junit-platform-launcher-1.1.0.jar;C:\Users\amna\.gradle\caches\modules-2\files-2.1\org.junit.platform\junit-platform-runner\1.1.0\d47029ff19c88cdf86324f29e70c6b26adad6c8b\junit-platform-runner-1.1.0.jar;C:\Users\amna\.gradle\caches\modules-2\files-2.1\org.slf4j\slf4j-api\1.7.25\da76ca59f6a57ee3102f8f9bd9cee742973efa8a\slf4j-api-1.7.25.jar;C:\Users\amna\.gradle\caches\modules-2\files-2.1\org.apache.jena\jena-iri\3.5.0\a757665c37cd73b243f2076eeba713b0c0265e88\jena-iri-3.5.0.jar;C:\Users\amna\.gradle\caches\modules-2\files-2.1\xerces\xercesImpl\2.11.0\9bb329db1cfc4e22462c9d6b43a8432f5850e92c\xercesImpl-2.11.0.jar;C:\Users\amna\.gradle\caches\modules-2\files-2.1\commons-cli\commons-cli\1.4\c51c00206bb913cd8612b24abd9fa98ae89719b1\commons-cli-1.4.jar;C:\Users\amna\.gradle\caches\modules-2\files-2.1\org.apache.jena\jena-base\3.5.0\d9e30252f9e60534cce727ea197ad9290d572f38\jena-base-3.5.0.jar;C:\Users\amna\.gradle\caches\modules-2\files-2.1\org.hamcrest\hamcrest-core\1.3\42a25dc3219429f0e5d060061f71acb49bf010a0\hamcrest-core-1.3.jar;C:\Users\amna\.gradle\caches\modules-2\files-2.1\org.objenesis\objenesis\2.1\87c0ea803b69252868d09308b4618f766f135a96\objenesis-2.1.jar;C:\Users\amna\.gradle\caches\modules-2\files-2.1\org.beanshell\bsh\2.0b4\a05f0a0feefa8d8467ac80e16e7de071489f0d9c\bsh-2.0b4.jar;C:\Users\amna\.gradle\caches\modules-2\files-2.1\com.beust\jcommander\1.27\58c9cbf0f1fa296f93c712f2cf46de50471920f9\jcommander-1.27.jar;C:\Users\amna\.gradle\caches\modules-2\files-2.1\org.apiguardian\apiguardian-api\1.0.0\3ef5276905e36f4d8055fe3cb0bdcc7503ffc85d\apiguardian-api-1.0.0.jar;C:\Users\amna\.gradle\caches\modules-2\files-2.1\org.opentest4j\opentest4j\1.0.0\6f09c598e9ff64bf0ce2fa7e7de49a99ba83c0b4\opentest4j-1.0.0.jar;C:\Users\amna\.gradle\caches\modules-2\files-2.1\org.junit.platform\junit-platform-commons\1.1.0\d6aa21029f9cedfb4cc8a9e9efc0bd97987205b8\junit-platform-commons-1.1.0.jar;C:\Users\amna\.gradle\caches\modules-2\files-2.1\org.junit.platform\junit-platform-engine\1.1.0\2596bd4d909e7ea8d029272db4338075445d731b\junit-platform-engine-1.1.0.jar;C:\Users\amna\.gradle\caches\modules-2\files-2.1\org.junit.platform\junit-platform-suite-api\1.1.0\ed577e96850aec4a2e610b26b7a09fafb17faef7\junit-platform-suite-api-1.1.0.jar;C:\Users\amna\.gradle\caches\modules-2\files-2.1\xml-apis\xml-apis\1.4.01\3789d9fada2d3d458c4ba2de349d48780f381ee3\xml-apis-1.4.01.jar;C:\Users\amna\.gradle\caches\modules-2\files-2.1\org.apache.jena\jena-shaded-guava\3.5.0\26957931f21f6cbbd8d88544e17262c03e54a804\jena-shaded-guava-3.5.0.jar;C:\Users\amna\.gradle\caches\modules-2\files-2.1\org.apache.commons\commons-csv\1.4\fc2512d2109144df353501266ac4bbe179058afd\commons-csv-1.4.jar;C:\Users\amna\.gradle\caches\modules-2\files-2.1\commons-io\commons-io\2.5\2852e6e05fbb95076fc091f6d1780f1f8fe35e0f\commons-io-2.5.jar;C:\Users\amna\.gradle\caches\modules-2\files-2.1\org.apache.commons\commons-lang3\3.4\5fe28b9518e58819180a43a850fbc0dd24b7c050\commons-lang3-3.4.jar;C:\Users\amna\.gradle\caches\modules-2\files-2.1\com.github.andrewoma.dexx\collection\0.7\264efc08bdcd22126bd429aaea9efaf5158b2b90\collection-0.7.jar;C:\Users\amna\.gradle\caches\modules-2\files-2.1\org.apache.jena\jena-arq\3.5.0\8bf60538a421fc06410842089703b068ed313afc\jena-arq-3.5.0.jar;C:\Users\amna\.gradle\caches\modules-2\files-2.1\com.github.jsonld-java\jsonld-java\0.11.1\359ef21705d0c64645ca672cf436df5fd7f5af66\jsonld-java-0.11.1.jar;C:\Users\amna\.gradle\caches\modules-2\files-2.1\org.apache.httpcomponents\httpclient-cache\4.5.3\baa6474c7f9b9f027a02fbbee375263ac482e343\httpclient-cache-4.5.3.jar;C:\Users\amna\.gradle\caches\modules-2\files-2.1\org.apache.thrift\libthrift\0.9.3\8625e8f9b6f49b881fa5fd143172c2833df1ce47\libthrift-0.9.3.jar;C:\Users\amna\.gradle\caches\modules-2\files-2.1\org.slf4j\jcl-over-slf4j\1.7.25\f8c32b13ff142a513eeb5b6330b1588dcb2c0461\jcl-over-slf4j-1.7.25.jar;C:\Users\amna\.gradle\caches\modules-2\files-2.1\com.fasterxml.jackson.core\jackson-core\2.9.0\88e7c6220be3b3497b3074d3fc7754213289b987\jackson-core-2.9.0.jar;C:\Users\amna\.gradle\caches\modules-2\files-2.1\com.fasterxml.jackson.core\jackson-databind\2.9.0\14fb5f088cc0b0dc90a73ba745bcade4961a3ee3\jackson-databind-2.9.0.jar;C:\Users\amna\.gradle\caches\modules-2\files-2.1\com.fasterxml.jackson.core\jackson-annotations\2.9.0\7c10d545325e3a6e72e06381afe469fd40eb701\jackson-annotations-2.9.0.jar;C:\Users\amna\.gradle\caches\modules-2\files-2.1\org.apache.httpcomponents\httpclient\4.5.3\d1577ae15f01ef5438c5afc62162457c00a34713\httpclient-4.5.3.jar;C:\Users\amna\.gradle\caches\modules-2\files-2.1\commons-logging\commons-logging\1.2\4bfc12adfe4842bf07b657f0369c4cb522955686\commons-logging-1.2.jar;C:\Users\amna\.gradle\caches\modules-2\files-2.1\org.apache.httpcomponents\httpcore\4.4.6\e3fd8ced1f52c7574af952e2e6da0df8df08eb82\httpcore-4.4.6.jar;C:\Users\amna\.gradle\caches\modules-2\files-2.1\commons-codec\commons-codec\1.9\9ce04e34240f674bc72680f8b843b1457383161a\commons-codec-1.9.jar;C:\Users\amna\.gradle\caches\modules-2\files-2.1\org.junit.platform\junit-platform-console\1.1.0\1ea376db54ab4ec0018c5e99d414e1c7c034387\junit-platform-console-1.1.0.jar"/>
<property name="java.class.version" value="52.0"/>
<property name="java.endorsed.dirs" value="C:\Program Files\Java\jdk1.8.0_144\jre\lib\endorsed"/>
<property name="java.ext.dirs" value="C:\Program Files\Java\jdk1.8.0_144\jre\lib\ext;C:\WINDOWS\Sun\Java\lib\ext"/>
<property name="java.home" value="C:\Program Files\Java\jdk1.8.0_144\jre"/>
<property name="java.io.tmpdir" value="C:\Users\amna\AppData\Local\Temp\"/>
<property name="java.library.path" value="C:\Program Files\Java\jdk1.8.0_144\bin;C:\WINDOWS\Sun\Java\bin;C:\WINDOWS\system32;C:\WINDOWS;C:\ProgramData\Oracle\Java\javapath;C:\WINDOWS\system32;C:\WINDOWS;C:\WINDOWS\System32\Wbem;C:\WINDOWS\System32\WindowsPowerShell\v1.0\;d:\util;C:\Users\amna\AppData\Local\android\sdk\tools;C:\Users\amna\AppData\Local\android\sdk\platform-tools;C:\Program Files\Microsoft SQL Server\130\Tools\Binn\;C:\Program Files\dotnet\;C:\Program Files\Microsoft SQL Server\Client SDK\ODBC\130\Tools\Binn\;C:\Program Files (x86)\Microsoft SQL Server\140\Tools\Binn\;C:\Program Files\Microsoft SQL Server\140\Tools\Binn\;C:\Program Files\Microsoft SQL Server\140\DTS\Binn\;C:\Program Files\nodejs\;C:\Users\amna\Anaconda3;C:\Users\amna\Anaconda3\Scripts;C:\Users\amna\Anaconda3\Library\bin;C:\Users\amna\AppData\Local\Microsoft\WindowsApps;C:\Users\amna\AppData\Local\Microsoft\WindowsApps;C:\Users\amna\AppData\Local\Programs\MiKTeX 2.9\miktex\bin\x64\;C:\Users\amna\AppData\Roaming\npm;."/>
<property name="java.runtime.name" value="Java(TM) SE Runtime Environment"/>
<property name="java.runtime.version" value="1.8.0_144-b01"/>
<property name="java.specification.name" value="Java Platform API Specification"/>
<property name="java.specification.vendor" value="Oracle Corporation"/>
<property name="java.specification.version" value="1.8"/>
<property name="java.vendor" value="Oracle Corporation"/>
<property name="java.vendor.url" value="http://java.oracle.com/"/>
<property name="java.vendor.url.bug" value="http://bugreport.sun.com/bugreport/"/>
<property name="java.version" value="1.8.0_144"/>
<property name="java.vm.info" value="mixed mode"/>
<property name="java.vm.name" value="Java HotSpot(TM) 64-Bit Server VM"/>
<property name="java.vm.specification.name" value="Java Virtual Machine Specification"/>
<property name="java.vm.specification.vendor" value="Oracle Corporation"/>
<property name="java.vm.specification.version" value="1.8"/>
<property name="java.vm.vendor" value="Oracle Corporation"/>
<property name="java.vm.version" value="25.144-b01"/>
<property name="line.separator" value="
"/>
<property name="os.arch" value="amd64"/>
<property name="os.name" value="Windows 10"/>
<property name="os.version" value="10.0"/>
<property name="path.separator" value=";"/>
<property name="sun.arch.data.model" value="64"/>
<property name="sun.boot.class.path" value="C:\Program Files\Java\jdk1.8.0_144\jre\lib\resources.jar;C:\Program Files\Java\jdk1.8.0_144\jre\lib\rt.jar;C:\Program Files\Java\jdk1.8.0_144\jre\lib\sunrsasign.jar;C:\Program Files\Java\jdk1.8.0_144\jre\lib\jsse.jar;C:\Program Files\Java\jdk1.8.0_144\jre\lib\jce.jar;C:\Program Files\Java\jdk1.8.0_144\jre\lib\charsets.jar;C:\Program Files\Java\jdk1.8.0_144\jre\lib\jfr.jar;C:\Program Files\Java\jdk1.8.0_144\jre\classes"/>
<property name="sun.boot.library.path" value="C:\Program Files\Java\jdk1.8.0_144\jre\bin"/>
<property name="sun.cpu.endian" value="little"/>
<property name="sun.cpu.isalist" value="amd64"/>
<property name="sun.desktop" value="windows"/>
<property name="sun.io.unicode.encoding" value="UnicodeLittle"/>
<property name="sun.java.command" value="org.junit.platform.console.ConsoleLauncher --details NONE --scan-class-path C:\Users\amna\eclipse-workspace\FYP_Software_Testing\build\classes\main;C:\Users\amna\eclipse-workspace\FYP_Software_Testing\build\resources\main;C:\Users\amna\eclipse-workspace\FYP_Software_Testing\build\classes\test;C:\Users\amna\eclipse-workspace\FYP_Software_Testing\build\resources\test -n ^.*Tests?$ --reports-dir C:\Users\amna\eclipse-workspace\FYP_Software_Testing\build\test-results\junit-platform"/>
<property name="sun.java.launcher" value="SUN_STANDARD"/>
<property name="sun.jnu.encoding" value="Cp1252"/>
<property name="sun.management.compiler" value="HotSpot 64-Bit Tiered Compilers"/>
<property name="sun.os.patch.level" value=""/>
<property name="user.country" value="US"/>
<property name="user.dir" value="C:\Users\amna\eclipse-workspace\FYP_Software_Testing"/>
<property name="user.home" value="C:\Users\amna"/>
<property name="user.language" value="en"/>
<property name="user.name" value="amna"/>
<property name="user.script" value=""/>
<property name="user.timezone" value="Asia/Karachi"/>
<property name="user.variant" value=""/>
</properties>
<testcase name="testIndividualInsertionNonExistentClass()" classname="SemanticHadithControllerTest" time="7.479">
<system-out><![CDATA[
unique-id: [engine:junit-jupiter]/[class:SemanticHadithControllerTest]/[method:testIndividualInsertionNonExistentClass()]
display-name: testIndividualInsertionNonExistentClass()
]]></system-out>
</testcase>
<testcase name="testSearchQueryWithCorrectValues()" classname="SemanticHadithControllerTest" time="1.696">
<system-out><![CDATA[
unique-id: [engine:junit-jupiter]/[class:SemanticHadithControllerTest]/[method:testSearchQueryWithCorrectValues()]
display-name: testSearchQueryWithCorrectValues()
]]></system-out>
</testcase>
<testcase name="testServletException()" classname="SemanticHadithControllerTest" time="1.542">
<system-out><![CDATA[
unique-id: [engine:junit-jupiter]/[class:SemanticHadithControllerTest]/[method:testServletException()]
display-name: testServletException()
]]></system-out>
</testcase>
<testcase name="testSparqlIndvidualRelationsCorrectValues()" classname="SemanticHadithControllerTest" time="3.561">
<system-out><![CDATA[
unique-id: [engine:junit-jupiter]/[class:SemanticHadithControllerTest]/[method:testSparqlIndvidualRelationsCorrectValues()]
display-name: testSparqlIndvidualRelationsCorrectValues()
]]></system-out>
</testcase>
<testcase name="testIndividualInsertionCorrectly()" classname="SemanticHadithControllerTest" time="5.67">
<system-out><![CDATA[
unique-id: [engine:junit-jupiter]/[class:SemanticHadithControllerTest]/[method:testIndividualInsertionCorrectly()]
display-name: testIndividualInsertionCorrectly()
]]></system-out>
</testcase>
<testcase name="testBrowseOntology()" classname="SemanticHadithControllerTest" time="5.212">
<system-out><![CDATA[
unique-id: [engine:junit-jupiter]/[class:SemanticHadithControllerTest]/[method:testBrowseOntology()]
display-name: testBrowseOntology()
]]></system-out>
</testcase>
<testcase name="testSearchQueryWithMoreSelectValues()" classname="SemanticHadithControllerTest" time="0">
<system-out><![CDATA[
unique-id: [engine:junit-jupiter]/[class:SemanticHadithControllerTest]/[method:testSearchQueryWithMoreSelectValues()]
display-name: testSearchQueryWithMoreSelectValues()
]]></system-out>
</testcase>
<testcase name="testProfileValueFromQuranOntology()" classname="SemanticHadithControllerTest" time="1.301">
<system-out><![CDATA[
unique-id: [engine:junit-jupiter]/[class:SemanticHadithControllerTest]/[method:testProfileValueFromQuranOntology()]
display-name: testProfileValueFromQuranOntology()
]]></system-out>
</testcase>
<testcase name="testServletPropertyn()" classname="SemanticHadithControllerTest" time="2.603">
<system-out><![CDATA[
unique-id: [engine:junit-jupiter]/[class:SemanticHadithControllerTest]/[method:testServletPropertyn()]
display-name: testServletPropertyn()
]]></system-out>
</testcase>
<testcase name="testServletInsertion()" classname="SemanticHadithControllerTest" time="2.696">
<system-out><![CDATA[
unique-id: [engine:junit-jupiter]/[class:SemanticHadithControllerTest]/[method:testServletInsertion()]
display-name: testServletInsertion()
]]></system-out>
</testcase>
<testcase name="testSearchQueryWithIncorrectWhereValue()" classname="SemanticHadithControllerTest" time="0.001">
<system-out><![CDATA[
unique-id: [engine:junit-jupiter]/[class:SemanticHadithControllerTest]/[method:testSearchQueryWithIncorrectWhereValue()]
display-name: testSearchQueryWithIncorrectWhereValue()
]]></system-out>
</testcase>
<testcase name="testProfileValueFromSHOntology()" classname="SemanticHadithControllerTest" time="1.208">
<system-out><![CDATA[
unique-id: [engine:junit-jupiter]/[class:SemanticHadithControllerTest]/[method:testProfileValueFromSHOntology()]
display-name: testProfileValueFromSHOntology()
]]></system-out>
</testcase>
<testcase name="testProfileValuewithNull()" classname="SemanticHadithControllerTest" time="0">
<system-out><![CDATA[
unique-id: [engine:junit-jupiter]/[class:SemanticHadithControllerTest]/[method:testProfileValuewithNull()]
display-name: testProfileValuewithNull()
]]></system-out>
</testcase>
<testcase name="testProfileValuewithMissingUri()" classname="SemanticHadithControllerTest" time="0.029">
<system-out><![CDATA[
unique-id: [engine:junit-jupiter]/[class:SemanticHadithControllerTest]/[method:testProfileValuewithMissingUri()]
display-name: testProfileValuewithMissingUri()
]]></system-out>
</testcase>
<testcase name="testServlet()" classname="SemanticHadithControllerTest" time="0.002">
<system-out><![CDATA[
unique-id: [engine:junit-jupiter]/[class:SemanticHadithControllerTest]/[method:testServlet()]
display-name: testServlet()
]]></system-out>
</testcase>
<testcase name="testSearchQueryWithLessSelectValues()" classname="SemanticHadithControllerTest" time="0.462">
<system-out><![CDATA[
unique-id: [engine:junit-jupiter]/[class:SemanticHadithControllerTest]/[method:testSearchQueryWithLessSelectValues()]
display-name: testSearchQueryWithLessSelectValues()
]]></system-out>
</testcase>
<system-out><![CDATA[
unique-id: [engine:junit-jupiter]
display-name: JUnit Jupiter
]]></system-out>
</testsuite>
